[0m15:28:54.711118 [debug] [MainThread]: Sending event: {'category': 'dbt', 'action': 'invocation', 'label': 'start', 'context': [<snowplow_tracker.self_describing_json.SelfDescribingJson object at 0x000001BBA20AA380>, <snowplow_tracker.self_describing_json.SelfDescribingJson object at 0x000001BBA41A21A0>, <snowplow_tracker.self_describing_json.SelfDescribingJson object at 0x000001BBA41A1FC0>]}


============================== 15:28:54.714404 | ddd32ed7-d647-4432-ab36-d255e1b9f02c ==============================
[0m15:28:54.714404 [info ] [MainThread]: Running with dbt=1.9.4
[0m15:28:54.714404 [debug] [MainThread]: running dbt with arguments {'printer_width': '80', 'indirect_selection': 'eager', 'log_cache_events': 'False', 'write_json': 'True', 'partial_parse': 'True', 'cache_selected_only': 'False', 'profiles_dir': 'C:\\Users\\beock\\.dbt', 'fail_fast': 'False', 'debug': 'False', 'log_path': 'logs', 'version_check': 'True', 'warn_error': 'None', 'use_colors': 'True', 'use_experimental_parser': 'False', 'no_print': 'None', 'quiet': 'False', 'empty': 'None', 'warn_error_options': 'WarnErrorOptions(include=[], exclude=[])', 'static_parser': 'True', 'log_format': 'default', 'introspect': 'True', 'target_path': 'None', 'invocation_command': 'dbt init dbtcrash', 'send_anonymous_usage_stats': 'True'}
[0m15:28:54.735627 [debug] [MainThread]: Starter project path: C:\Users\beock\AppData\Local\Programs\Python\Python310\lib\site-packages\dbt\include\starter_project
[0m15:28:54.751610 [info ] [MainThread]: 
Your new dbt project "dbtcrash" was created!

For more information on how to configure the profiles.yml file,
please consult the dbt documentation here:

  https://docs.getdbt.com/docs/configure-your-profile

One more thing:

Need help? Don't hesitate to reach out to us via GitHub issues or on Slack:

  https://community.getdbt.com/

Happy modeling!

[0m15:28:54.751610 [info ] [MainThread]: Setting up your profile.
[0m15:30:10.135573 [info ] [MainThread]: Profile dbtcrash written to C:\Users\beock\.dbt\profiles.yml using target's profile_template.yml and your supplied values. Run 'dbt debug' to validate the connection.
[0m15:30:10.136759 [debug] [MainThread]: Command `dbt init` succeeded at 15:30:10.136759 after 75.50 seconds
[0m15:30:10.136759 [debug] [MainThread]: Sending event: {'category': 'dbt', 'action': 'invocation', 'label': 'end', 'context': [<snowplow_tracker.self_describing_json.SelfDescribingJson object at 0x000001BBA20AA380>, <snowplow_tracker.self_describing_json.SelfDescribingJson object at 0x000001BBA4189F30>, <snowplow_tracker.self_describing_json.SelfDescribingJson object at 0x000001BBA41A1F60>]}
[0m15:30:10.137772 [debug] [MainThread]: Flushing usage events
[0m15:30:10.713567 [debug] [MainThread]: An error was encountered while trying to flush usage events
[0m15:47:05.699565 [debug] [MainThread]: Sending event: {'category': 'dbt', 'action': 'invocation', 'label': 'start', 'context': [<snowplow_tracker.self_describing_json.SelfDescribingJson object at 0x00000138B86BA350>, <snowplow_tracker.self_describing_json.SelfDescribingJson object at 0x00000138B89EB610>, <snowplow_tracker.self_describing_json.SelfDescribingJson object at 0x00000138B683E950>]}


============================== 15:47:05.703670 | e25ed4af-b987-42b0-ba98-f273c1545429 ==============================
[0m15:47:05.703670 [info ] [MainThread]: Running with dbt=1.9.4
[0m15:47:05.704666 [debug] [MainThread]: running dbt with arguments {'printer_width': '80', 'indirect_selection': 'eager', 'write_json': 'True', 'log_cache_events': 'False', 'partial_parse': 'True', 'cache_selected_only': 'False', 'warn_error': 'None', 'version_check': 'True', 'debug': 'False', 'log_path': 'logs', 'fail_fast': 'False', 'profiles_dir': 'C:\\Users\\beock\\.dbt', 'use_colors': 'True', 'use_experimental_parser': 'False', 'no_print': 'None', 'quiet': 'False', 'empty': 'None', 'log_format': 'default', 'invocation_command': 'dbt debug', 'static_parser': 'True', 'introspect': 'True', 'target_path': 'None', 'warn_error_options': 'WarnErrorOptions(include=[], exclude=[])', 'send_anonymous_usage_stats': 'True'}
[0m15:47:05.722666 [info ] [MainThread]: dbt version: 1.9.4
[0m15:47:05.723665 [info ] [MainThread]: python version: 3.10.0
[0m15:47:05.723665 [info ] [MainThread]: python path: C:\Users\beock\AppData\Local\Programs\Python\Python310\python.exe
[0m15:47:05.724804 [info ] [MainThread]: os info: Windows-10-10.0.26100-SP0
[0m15:47:06.587177 [info ] [MainThread]: Using profiles dir at C:\Users\beock\.dbt
[0m15:47:06.588178 [info ] [MainThread]: Using profiles.yml file at C:\Users\beock\.dbt\profiles.yml
[0m15:47:06.589175 [info ] [MainThread]: Using dbt_project.yml file at C:\Users\beock\OneDrive\Skrivebord\DE_projects\dbt_bigquery\dbt_project.yml
[0m15:47:06.589175 [info ] [MainThread]: adapter type: bigquery
[0m15:47:06.590175 [info ] [MainThread]: adapter version: 1.9.1
[0m15:47:06.590175 [info ] [MainThread]: Configuration:
[0m15:47:06.591177 [info ] [MainThread]:   profiles.yml file [[32mOK found and valid[0m]
[0m15:47:06.591177 [info ] [MainThread]:   dbt_project.yml file [[31mERROR not found[0m]
[0m15:47:06.592176 [info ] [MainThread]: Required dependencies:
[0m15:47:06.592176 [debug] [MainThread]: Executing "git --help"
[0m15:47:06.609247 [debug] [MainThread]: STDOUT: "b"usage: git [-v | --version] [-h | --help] [-C <path>] [-c <name>=<value>]\n           [--exec-path[=<path>]] [--html-path] [--man-path] [--info-path]\n           [-p | --paginate | -P | --no-pager] [--no-replace-objects] [--bare]\n           [--git-dir=<path>] [--work-tree=<path>] [--namespace=<name>]\n           [--config-env=<name>=<envvar>] <command> [<args>]\n\nThese are common Git commands used in various situations:\n\nstart a working area (see also: git help tutorial)\n   clone     Clone a repository into a new directory\n   init      Create an empty Git repository or reinitialize an existing one\n\nwork on the current change (see also: git help everyday)\n   add       Add file contents to the index\n   mv        Move or rename a file, a directory, or a symlink\n   restore   Restore working tree files\n   rm        Remove files from the working tree and from the index\n\nexamine the history and state (see also: git help revisions)\n   bisect    Use binary search to find the commit that introduced a bug\n   diff      Show changes between commits, commit and working tree, etc\n   grep      Print lines matching a pattern\n   log       Show commit logs\n   show      Show various types of objects\n   status    Show the working tree status\n\ngrow, mark and tweak your common history\n   branch    List, create, or delete branches\n   commit    Record changes to the repository\n   merge     Join two or more development histories together\n   rebase    Reapply commits on top of another base tip\n   reset     Reset current HEAD to the specified state\n   switch    Switch branches\n   tag       Create, list, delete or verify a tag object signed with GPG\n\ncollaborate (see also: git help workflows)\n   fetch     Download objects and refs from another repository\n   pull      Fetch from and integrate with another repository or a local branch\n   push      Update remote refs along with associated objects\n\n'git help -a' and 'git help -g' list available subcommands and some\nconcept guides. See 'git help <command>' or 'git help <concept>'\nto read about a specific subcommand or concept.\nSee 'git help git' for an overview of the system.\n""
[0m15:47:06.609247 [debug] [MainThread]: STDERR: "b''"
[0m15:47:06.610365 [info ] [MainThread]:  - git [[32mOK found[0m]

[0m15:47:06.610365 [info ] [MainThread]: Connection:
[0m15:47:06.611365 [info ] [MainThread]:   method: service-account
[0m15:47:06.611365 [info ] [MainThread]:   database: dbtcrash
[0m15:47:06.612527 [info ] [MainThread]:   execution_project: dbtcrash
[0m15:47:06.612527 [info ] [MainThread]:   schema: dbtcrash
[0m15:47:06.612527 [info ] [MainThread]:   location: EU
[0m15:47:06.612527 [info ] [MainThread]:   priority: interactive
[0m15:47:06.614022 [info ] [MainThread]:   maximum_bytes_billed: None
[0m15:47:06.614022 [info ] [MainThread]:   impersonate_service_account: None
[0m15:47:06.615022 [info ] [MainThread]:   job_retry_deadline_seconds: None
[0m15:47:06.615022 [info ] [MainThread]:   job_retries: 1
[0m15:47:06.616022 [info ] [MainThread]:   job_creation_timeout_seconds: None
[0m15:47:06.616022 [info ] [MainThread]:   job_execution_timeout_seconds: 300
[0m15:47:06.616022 [info ] [MainThread]:   timeout_seconds: 300
[0m15:47:06.617023 [info ] [MainThread]:   client_id: None
[0m15:47:06.617023 [info ] [MainThread]:   token_uri: None
[0m15:47:06.618024 [info ] [MainThread]:   dataproc_region: None
[0m15:47:06.618024 [info ] [MainThread]:   dataproc_cluster_name: None
[0m15:47:06.619025 [info ] [MainThread]:   gcs_bucket: None
[0m15:47:06.619025 [info ] [MainThread]:   dataproc_batch: None
[0m15:47:06.620025 [info ] [MainThread]: Registered adapter: bigquery=1.9.1
[0m15:47:07.007013 [debug] [MainThread]: Acquiring new bigquery connection 'debug'
[0m15:47:07.008013 [debug] [MainThread]: On debug: select 1 as id
[0m15:47:07.008013 [debug] [MainThread]: Opening a new connection, currently in state init
[0m15:47:07.009013 [debug] [MainThread]: BigQuery adapter: Got an error when attempting to create a bigquery " "client: '[Errno 2] No such file or directory: 'dbt_bigquery/dbtcrash.json''
[0m15:47:07.009013 [debug] [MainThread]: BigQuery adapter: Unhandled error while running:
select 1 as id
[0m15:47:07.009013 [debug] [MainThread]: BigQuery adapter: Database Error
  [Errno 2] No such file or directory: 'dbt_bigquery/dbtcrash.json'
[0m15:47:07.010014 [info ] [MainThread]:   Connection test: [[31mERROR[0m]

[0m15:47:07.010014 [info ] [MainThread]: [31m2 checks failed:[0m
[0m15:47:07.011015 [info ] [MainThread]: Project loading failed for the following reason:
 project path <C:\Users\beock\OneDrive\Skrivebord\DE_projects\dbt_bigquery\dbt_project.yml> not found

[0m15:47:07.011015 [info ] [MainThread]: dbt was unable to connect to the specified database.
The database returned the following error:

  >'NoneType' object has no attribute 'close'

Check your database credentials and try again. For more information, visit:
https://docs.getdbt.com/docs/configure-your-profile


[0m15:47:07.012013 [debug] [MainThread]: Command `dbt debug` failed at 15:47:07.012013 after 1.39 seconds
[0m15:47:07.013013 [debug] [MainThread]: Sending event: {'category': 'dbt', 'action': 'invocation', 'label': 'end', 'context': [<snowplow_tracker.self_describing_json.SelfDescribingJson object at 0x00000138B86BA350>, <snowplow_tracker.self_describing_json.SelfDescribingJson object at 0x00000138DA733E80>, <snowplow_tracker.self_describing_json.SelfDescribingJson object at 0x00000138DA733F40>]}
[0m15:47:07.013013 [debug] [MainThread]: Flushing usage events
[0m15:47:08.506799 [debug] [MainThread]: An error was encountered while trying to flush usage events
[0m15:49:41.230398 [debug] [MainThread]: Sending event: {'category': 'dbt', 'action': 'invocation', 'label': 'start', 'context': [<snowplow_tracker.self_describing_json.SelfDescribingJson object at 0x0000016741B1A380>, <snowplow_tracker.self_describing_json.SelfDescribingJson object at 0x0000016742C42170>, <snowplow_tracker.self_describing_json.SelfDescribingJson object at 0x0000016742C41F90>]}


============================== 15:49:41.234548 | 09c79f49-c6a4-4324-85d0-89a2eeebb52f ==============================
[0m15:49:41.234548 [info ] [MainThread]: Running with dbt=1.9.4
[0m15:49:41.235548 [debug] [MainThread]: running dbt with arguments {'printer_width': '80', 'indirect_selection': 'eager', 'write_json': 'True', 'log_cache_events': 'False', 'partial_parse': 'True', 'cache_selected_only': 'False', 'warn_error': 'None', 'version_check': 'True', 'profiles_dir': 'C:\\Users\\beock\\.dbt', 'log_path': 'C:\\Users\\beock\\OneDrive\\Skrivebord\\DE_projects\\dbt_bigquery\\logs', 'debug': 'False', 'fail_fast': 'False', 'use_colors': 'True', 'use_experimental_parser': 'False', 'empty': 'None', 'quiet': 'False', 'no_print': 'None', 'warn_error_options': 'WarnErrorOptions(include=[], exclude=[])', 'invocation_command': 'dbt debug', 'log_format': 'default', 'introspect': 'True', 'target_path': 'None', 'static_parser': 'True', 'send_anonymous_usage_stats': 'True'}
[0m15:49:41.251169 [info ] [MainThread]: dbt version: 1.9.4
[0m15:49:41.252566 [info ] [MainThread]: python version: 3.10.0
[0m15:49:41.252566 [info ] [MainThread]: python path: C:\Users\beock\AppData\Local\Programs\Python\Python310\python.exe
[0m15:49:41.253573 [info ] [MainThread]: os info: Windows-10-10.0.26100-SP0
[0m15:49:42.092842 [info ] [MainThread]: Using profiles dir at C:\Users\beock\.dbt
[0m15:49:42.092842 [info ] [MainThread]: Using profiles.yml file at C:\Users\beock\.dbt\profiles.yml
[0m15:49:42.093844 [info ] [MainThread]: Using dbt_project.yml file at C:\Users\beock\OneDrive\Skrivebord\DE_projects\dbt_bigquery\dbt_project.yml
[0m15:49:42.093844 [info ] [MainThread]: adapter type: bigquery
[0m15:49:42.094982 [info ] [MainThread]: adapter version: 1.9.1
[0m15:49:42.177264 [info ] [MainThread]: Configuration:
[0m15:49:42.178264 [info ] [MainThread]:   profiles.yml file [[32mOK found and valid[0m]
[0m15:49:42.179265 [info ] [MainThread]:   dbt_project.yml file [[32mOK found and valid[0m]
[0m15:49:42.179265 [info ] [MainThread]: Required dependencies:
[0m15:49:42.180174 [debug] [MainThread]: Executing "git --help"
[0m15:49:42.197845 [debug] [MainThread]: STDOUT: "b"usage: git [-v | --version] [-h | --help] [-C <path>] [-c <name>=<value>]\n           [--exec-path[=<path>]] [--html-path] [--man-path] [--info-path]\n           [-p | --paginate | -P | --no-pager] [--no-replace-objects] [--bare]\n           [--git-dir=<path>] [--work-tree=<path>] [--namespace=<name>]\n           [--config-env=<name>=<envvar>] <command> [<args>]\n\nThese are common Git commands used in various situations:\n\nstart a working area (see also: git help tutorial)\n   clone     Clone a repository into a new directory\n   init      Create an empty Git repository or reinitialize an existing one\n\nwork on the current change (see also: git help everyday)\n   add       Add file contents to the index\n   mv        Move or rename a file, a directory, or a symlink\n   restore   Restore working tree files\n   rm        Remove files from the working tree and from the index\n\nexamine the history and state (see also: git help revisions)\n   bisect    Use binary search to find the commit that introduced a bug\n   diff      Show changes between commits, commit and working tree, etc\n   grep      Print lines matching a pattern\n   log       Show commit logs\n   show      Show various types of objects\n   status    Show the working tree status\n\ngrow, mark and tweak your common history\n   branch    List, create, or delete branches\n   commit    Record changes to the repository\n   merge     Join two or more development histories together\n   rebase    Reapply commits on top of another base tip\n   reset     Reset current HEAD to the specified state\n   switch    Switch branches\n   tag       Create, list, delete or verify a tag object signed with GPG\n\ncollaborate (see also: git help workflows)\n   fetch     Download objects and refs from another repository\n   pull      Fetch from and integrate with another repository or a local branch\n   push      Update remote refs along with associated objects\n\n'git help -a' and 'git help -g' list available subcommands and some\nconcept guides. See 'git help <command>' or 'git help <concept>'\nto read about a specific subcommand or concept.\nSee 'git help git' for an overview of the system.\n""
[0m15:49:42.198847 [debug] [MainThread]: STDERR: "b''"
[0m15:49:42.198847 [info ] [MainThread]:  - git [[32mOK found[0m]

[0m15:49:42.199849 [info ] [MainThread]: Connection:
[0m15:49:42.199849 [info ] [MainThread]:   method: service-account
[0m15:49:42.200847 [info ] [MainThread]:   database: dbtcrash
[0m15:49:42.200847 [info ] [MainThread]:   execution_project: dbtcrash
[0m15:49:42.201852 [info ] [MainThread]:   schema: dbtcrash
[0m15:49:42.201852 [info ] [MainThread]:   location: EU
[0m15:49:42.201852 [info ] [MainThread]:   priority: interactive
[0m15:49:42.202961 [info ] [MainThread]:   maximum_bytes_billed: None
[0m15:49:42.202961 [info ] [MainThread]:   impersonate_service_account: None
[0m15:49:42.202961 [info ] [MainThread]:   job_retry_deadline_seconds: None
[0m15:49:42.204247 [info ] [MainThread]:   job_retries: 1
[0m15:49:42.204247 [info ] [MainThread]:   job_creation_timeout_seconds: None
[0m15:49:42.205392 [info ] [MainThread]:   job_execution_timeout_seconds: 300
[0m15:49:42.205392 [info ] [MainThread]:   timeout_seconds: 300
[0m15:49:42.205392 [info ] [MainThread]:   client_id: None
[0m15:49:42.206389 [info ] [MainThread]:   token_uri: None
[0m15:49:42.206389 [info ] [MainThread]:   dataproc_region: None
[0m15:49:42.207388 [info ] [MainThread]:   dataproc_cluster_name: None
[0m15:49:42.207388 [info ] [MainThread]:   gcs_bucket: None
[0m15:49:42.207388 [info ] [MainThread]:   dataproc_batch: None
[0m15:49:42.208397 [info ] [MainThread]: Registered adapter: bigquery=1.9.1
[0m15:49:42.598548 [debug] [MainThread]: Acquiring new bigquery connection 'debug'
[0m15:49:42.598548 [debug] [MainThread]: On debug: select 1 as id
[0m15:49:42.599549 [debug] [MainThread]: Opening a new connection, currently in state init
[0m15:49:42.599549 [debug] [MainThread]: BigQuery adapter: Got an error when attempting to create a bigquery " "client: '[Errno 2] No such file or directory: 'dbt_bigquery/dbtcrash.json''
[0m15:49:42.599549 [debug] [MainThread]: BigQuery adapter: Unhandled error while running:
select 1 as id
[0m15:49:42.599549 [debug] [MainThread]: BigQuery adapter: Database Error
  [Errno 2] No such file or directory: 'dbt_bigquery/dbtcrash.json'
[0m15:49:42.600929 [info ] [MainThread]:   Connection test: [[31mERROR[0m]

[0m15:49:42.600929 [info ] [MainThread]: [31m1 check failed:[0m
[0m15:49:42.600929 [info ] [MainThread]: dbt was unable to connect to the specified database.
The database returned the following error:

  >'NoneType' object has no attribute 'close'

Check your database credentials and try again. For more information, visit:
https://docs.getdbt.com/docs/configure-your-profile


[0m15:49:42.603355 [debug] [MainThread]: Command `dbt debug` failed at 15:49:42.602352 after 1.44 seconds
[0m15:49:42.603355 [debug] [MainThread]: Sending event: {'category': 'dbt', 'action': 'invocation', 'label': 'end', 'context': [<snowplow_tracker.self_describing_json.SelfDescribingJson object at 0x0000016741B1A380>, <snowplow_tracker.self_describing_json.SelfDescribingJson object at 0x0000016763BFAB00>, <snowplow_tracker.self_describing_json.SelfDescribingJson object at 0x0000016763BFB520>]}
[0m15:49:42.603355 [debug] [MainThread]: Flushing usage events
[0m15:49:43.537774 [debug] [MainThread]: An error was encountered while trying to flush usage events
[0m15:53:06.469331 [debug] [MainThread]: Sending event: {'category': 'dbt', 'action': 'invocation', 'label': 'start', 'context': [<snowplow_tracker.self_describing_json.SelfDescribingJson object at 0x000001D0E2D2A350>, <snowplow_tracker.self_describing_json.SelfDescribingJson object at 0x000001D0E4027610>, <snowplow_tracker.self_describing_json.SelfDescribingJson object at 0x000001D0E1E7EAA0>]}


============================== 15:53:06.473332 | 809fc24c-c200-4e10-86c1-65cfa2a1acc0 ==============================
[0m15:53:06.473332 [info ] [MainThread]: Running with dbt=1.9.4
[0m15:53:06.473332 [debug] [MainThread]: running dbt with arguments {'printer_width': '80', 'indirect_selection': 'eager', 'log_cache_events': 'False', 'write_json': 'True', 'partial_parse': 'True', 'cache_selected_only': 'False', 'warn_error': 'None', 'debug': 'False', 'fail_fast': 'False', 'log_path': 'C:\\Users\\beock\\OneDrive\\Skrivebord\\DE_projects\\dbt_bigquery\\logs', 'version_check': 'True', 'profiles_dir': 'C:\\Users\\beock\\.dbt', 'use_colors': 'True', 'use_experimental_parser': 'False', 'no_print': 'None', 'quiet': 'False', 'empty': 'None', 'warn_error_options': 'WarnErrorOptions(include=[], exclude=[])', 'static_parser': 'True', 'invocation_command': 'dbt debug', 'introspect': 'True', 'target_path': 'None', 'log_format': 'default', 'send_anonymous_usage_stats': 'True'}
[0m15:53:06.490537 [info ] [MainThread]: dbt version: 1.9.4
[0m15:53:06.490537 [info ] [MainThread]: python version: 3.10.0
[0m15:53:06.491533 [info ] [MainThread]: python path: C:\Users\beock\AppData\Local\Programs\Python\Python310\python.exe
[0m15:53:06.492533 [info ] [MainThread]: os info: Windows-10-10.0.26100-SP0
[0m15:53:07.333229 [info ] [MainThread]: Using profiles dir at C:\Users\beock\.dbt
[0m15:53:07.334228 [info ] [MainThread]: Using profiles.yml file at C:\Users\beock\.dbt\profiles.yml
[0m15:53:07.335229 [info ] [MainThread]: Using dbt_project.yml file at C:\Users\beock\OneDrive\Skrivebord\DE_projects\dbt_bigquery\dbt_project.yml
[0m15:53:07.335229 [info ] [MainThread]: adapter type: bigquery
[0m15:53:07.336250 [info ] [MainThread]: adapter version: 1.9.1
[0m15:53:07.419661 [info ] [MainThread]: Configuration:
[0m15:53:07.420658 [info ] [MainThread]:   profiles.yml file [[32mOK found and valid[0m]
[0m15:53:07.420658 [info ] [MainThread]:   dbt_project.yml file [[32mOK found and valid[0m]
[0m15:53:07.421663 [info ] [MainThread]: Required dependencies:
[0m15:53:07.421663 [debug] [MainThread]: Executing "git --help"
[0m15:53:07.438408 [debug] [MainThread]: STDOUT: "b"usage: git [-v | --version] [-h | --help] [-C <path>] [-c <name>=<value>]\n           [--exec-path[=<path>]] [--html-path] [--man-path] [--info-path]\n           [-p | --paginate | -P | --no-pager] [--no-replace-objects] [--bare]\n           [--git-dir=<path>] [--work-tree=<path>] [--namespace=<name>]\n           [--config-env=<name>=<envvar>] <command> [<args>]\n\nThese are common Git commands used in various situations:\n\nstart a working area (see also: git help tutorial)\n   clone     Clone a repository into a new directory\n   init      Create an empty Git repository or reinitialize an existing one\n\nwork on the current change (see also: git help everyday)\n   add       Add file contents to the index\n   mv        Move or rename a file, a directory, or a symlink\n   restore   Restore working tree files\n   rm        Remove files from the working tree and from the index\n\nexamine the history and state (see also: git help revisions)\n   bisect    Use binary search to find the commit that introduced a bug\n   diff      Show changes between commits, commit and working tree, etc\n   grep      Print lines matching a pattern\n   log       Show commit logs\n   show      Show various types of objects\n   status    Show the working tree status\n\ngrow, mark and tweak your common history\n   branch    List, create, or delete branches\n   commit    Record changes to the repository\n   merge     Join two or more development histories together\n   rebase    Reapply commits on top of another base tip\n   reset     Reset current HEAD to the specified state\n   switch    Switch branches\n   tag       Create, list, delete or verify a tag object signed with GPG\n\ncollaborate (see also: git help workflows)\n   fetch     Download objects and refs from another repository\n   pull      Fetch from and integrate with another repository or a local branch\n   push      Update remote refs along with associated objects\n\n'git help -a' and 'git help -g' list available subcommands and some\nconcept guides. See 'git help <command>' or 'git help <concept>'\nto read about a specific subcommand or concept.\nSee 'git help git' for an overview of the system.\n""
[0m15:53:07.439837 [debug] [MainThread]: STDERR: "b''"
[0m15:53:07.439837 [info ] [MainThread]:  - git [[32mOK found[0m]

[0m15:53:07.439837 [info ] [MainThread]: Connection:
[0m15:53:07.440835 [info ] [MainThread]:   method: service-account
[0m15:53:07.441844 [info ] [MainThread]:   database: dbtcrash
[0m15:53:07.441844 [info ] [MainThread]:   execution_project: dbtcrash
[0m15:53:07.442845 [info ] [MainThread]:   schema: dbtcrash
[0m15:53:07.442845 [info ] [MainThread]:   location: EU
[0m15:53:07.442845 [info ] [MainThread]:   priority: interactive
[0m15:53:07.443846 [info ] [MainThread]:   maximum_bytes_billed: None
[0m15:53:07.443846 [info ] [MainThread]:   impersonate_service_account: None
[0m15:53:07.444845 [info ] [MainThread]:   job_retry_deadline_seconds: None
[0m15:53:07.444845 [info ] [MainThread]:   job_retries: 1
[0m15:53:07.446032 [info ] [MainThread]:   job_creation_timeout_seconds: None
[0m15:53:07.446032 [info ] [MainThread]:   job_execution_timeout_seconds: 300
[0m15:53:07.447029 [info ] [MainThread]:   timeout_seconds: 300
[0m15:53:07.447029 [info ] [MainThread]:   client_id: None
[0m15:53:07.447029 [info ] [MainThread]:   token_uri: None
[0m15:53:07.448028 [info ] [MainThread]:   dataproc_region: None
[0m15:53:07.448028 [info ] [MainThread]:   dataproc_cluster_name: None
[0m15:53:07.448028 [info ] [MainThread]:   gcs_bucket: None
[0m15:53:07.449028 [info ] [MainThread]:   dataproc_batch: None
[0m15:53:07.449028 [info ] [MainThread]: Registered adapter: bigquery=1.9.1
[0m15:53:07.833579 [debug] [MainThread]: Acquiring new bigquery connection 'debug'
[0m15:53:07.833579 [debug] [MainThread]: On debug: select 1 as id
[0m15:53:07.834579 [debug] [MainThread]: Opening a new connection, currently in state init
[0m15:53:07.834579 [debug] [MainThread]: BigQuery adapter: Got an error when attempting to create a bigquery " "client: '[Errno 2] No such file or directory: 'dbt_bigquery/dbtcrash.json''
[0m15:53:07.835578 [debug] [MainThread]: BigQuery adapter: Unhandled error while running:
select 1 as id
[0m15:53:07.835578 [debug] [MainThread]: BigQuery adapter: Database Error
  [Errno 2] No such file or directory: 'dbt_bigquery/dbtcrash.json'
[0m15:53:07.835578 [info ] [MainThread]:   Connection test: [[31mERROR[0m]

[0m15:53:07.836579 [info ] [MainThread]: [31m1 check failed:[0m
[0m15:53:07.836579 [info ] [MainThread]: dbt was unable to connect to the specified database.
The database returned the following error:

  >'NoneType' object has no attribute 'close'

Check your database credentials and try again. For more information, visit:
https://docs.getdbt.com/docs/configure-your-profile


[0m15:53:07.837665 [debug] [MainThread]: Command `dbt debug` failed at 15:53:07.837665 after 1.43 seconds
[0m15:53:07.837665 [debug] [MainThread]: Sending event: {'category': 'dbt', 'action': 'invocation', 'label': 'end', 'context': [<snowplow_tracker.self_describing_json.SelfDescribingJson object at 0x000001D0E2D2A350>, <snowplow_tracker.self_describing_json.SelfDescribingJson object at 0x000001D085D8C5E0>, <snowplow_tracker.self_describing_json.SelfDescribingJson object at 0x000001D085D8D5D0>]}
[0m15:53:07.838802 [debug] [MainThread]: Flushing usage events
[0m15:53:08.949566 [debug] [MainThread]: An error was encountered while trying to flush usage events
[0m15:53:26.921436 [debug] [MainThread]: Sending event: {'category': 'dbt', 'action': 'invocation', 'label': 'start', 'context': [<snowplow_tracker.self_describing_json.SelfDescribingJson object at 0x000002E49744A3B0>, <snowplow_tracker.self_describing_json.SelfDescribingJson object at 0x000002E49856AC80>, <snowplow_tracker.self_describing_json.SelfDescribingJson object at 0x000002E49856AE60>]}


============================== 15:53:26.925622 | d2cba915-db9a-48f6-9767-1c4d42ff89b8 ==============================
[0m15:53:26.925622 [info ] [MainThread]: Running with dbt=1.9.4
[0m15:53:26.926623 [debug] [MainThread]: running dbt with arguments {'printer_width': '80', 'indirect_selection': 'eager', 'write_json': 'True', 'log_cache_events': 'False', 'partial_parse': 'True', 'cache_selected_only': 'False', 'profiles_dir': 'C:\\Users\\beock\\.dbt', 'fail_fast': 'False', 'version_check': 'True', 'log_path': 'C:\\Users\\beock\\OneDrive\\Skrivebord\\DE_projects\\dbt_bigquery\\logs', 'warn_error': 'None', 'debug': 'False', 'use_colors': 'True', 'use_experimental_parser': 'False', 'empty': 'None', 'quiet': 'False', 'no_print': 'None', 'warn_error_options': 'WarnErrorOptions(include=[], exclude=[])', 'introspect': 'True', 'static_parser': 'True', 'invocation_command': 'dbt debug', 'target_path': 'None', 'log_format': 'default', 'send_anonymous_usage_stats': 'True'}
[0m15:53:26.942501 [info ] [MainThread]: dbt version: 1.9.4
[0m15:53:26.943725 [info ] [MainThread]: python version: 3.10.0
[0m15:53:26.943725 [info ] [MainThread]: python path: C:\Users\beock\AppData\Local\Programs\Python\Python310\python.exe
[0m15:53:26.945044 [info ] [MainThread]: os info: Windows-10-10.0.26100-SP0
[0m15:53:27.809176 [info ] [MainThread]: Using profiles dir at C:\Users\beock\.dbt
[0m15:53:27.810178 [info ] [MainThread]: Using profiles.yml file at C:\Users\beock\.dbt\profiles.yml
[0m15:53:27.811237 [info ] [MainThread]: Using dbt_project.yml file at C:\Users\beock\OneDrive\Skrivebord\DE_projects\dbt_bigquery\dbt_project.yml
[0m15:53:27.811237 [info ] [MainThread]: adapter type: bigquery
[0m15:53:27.812294 [info ] [MainThread]: adapter version: 1.9.1
[0m15:53:27.894910 [info ] [MainThread]: Configuration:
[0m15:53:27.895910 [info ] [MainThread]:   profiles.yml file [[32mOK found and valid[0m]
[0m15:53:27.896912 [info ] [MainThread]:   dbt_project.yml file [[32mOK found and valid[0m]
[0m15:53:27.896912 [info ] [MainThread]: Required dependencies:
[0m15:53:27.897906 [debug] [MainThread]: Executing "git --help"
[0m15:53:27.914144 [debug] [MainThread]: STDOUT: "b"usage: git [-v | --version] [-h | --help] [-C <path>] [-c <name>=<value>]\n           [--exec-path[=<path>]] [--html-path] [--man-path] [--info-path]\n           [-p | --paginate | -P | --no-pager] [--no-replace-objects] [--bare]\n           [--git-dir=<path>] [--work-tree=<path>] [--namespace=<name>]\n           [--config-env=<name>=<envvar>] <command> [<args>]\n\nThese are common Git commands used in various situations:\n\nstart a working area (see also: git help tutorial)\n   clone     Clone a repository into a new directory\n   init      Create an empty Git repository or reinitialize an existing one\n\nwork on the current change (see also: git help everyday)\n   add       Add file contents to the index\n   mv        Move or rename a file, a directory, or a symlink\n   restore   Restore working tree files\n   rm        Remove files from the working tree and from the index\n\nexamine the history and state (see also: git help revisions)\n   bisect    Use binary search to find the commit that introduced a bug\n   diff      Show changes between commits, commit and working tree, etc\n   grep      Print lines matching a pattern\n   log       Show commit logs\n   show      Show various types of objects\n   status    Show the working tree status\n\ngrow, mark and tweak your common history\n   branch    List, create, or delete branches\n   commit    Record changes to the repository\n   merge     Join two or more development histories together\n   rebase    Reapply commits on top of another base tip\n   reset     Reset current HEAD to the specified state\n   switch    Switch branches\n   tag       Create, list, delete or verify a tag object signed with GPG\n\ncollaborate (see also: git help workflows)\n   fetch     Download objects and refs from another repository\n   pull      Fetch from and integrate with another repository or a local branch\n   push      Update remote refs along with associated objects\n\n'git help -a' and 'git help -g' list available subcommands and some\nconcept guides. See 'git help <command>' or 'git help <concept>'\nto read about a specific subcommand or concept.\nSee 'git help git' for an overview of the system.\n""
[0m15:53:27.915155 [debug] [MainThread]: STDERR: "b''"
[0m15:53:27.915155 [info ] [MainThread]:  - git [[32mOK found[0m]

[0m15:53:27.916154 [info ] [MainThread]: Connection:
[0m15:53:27.916154 [info ] [MainThread]:   method: service-account
[0m15:53:27.917160 [info ] [MainThread]:   database: dbtcrash
[0m15:53:27.917160 [info ] [MainThread]:   execution_project: dbtcrash
[0m15:53:27.918156 [info ] [MainThread]:   schema: dbtcrash
[0m15:53:27.918156 [info ] [MainThread]:   location: EU
[0m15:53:27.919155 [info ] [MainThread]:   priority: interactive
[0m15:53:27.919155 [info ] [MainThread]:   maximum_bytes_billed: None
[0m15:53:27.920156 [info ] [MainThread]:   impersonate_service_account: None
[0m15:53:27.920156 [info ] [MainThread]:   job_retry_deadline_seconds: None
[0m15:53:27.920156 [info ] [MainThread]:   job_retries: 1
[0m15:53:27.921154 [info ] [MainThread]:   job_creation_timeout_seconds: None
[0m15:53:27.921154 [info ] [MainThread]:   job_execution_timeout_seconds: 300
[0m15:53:27.922217 [info ] [MainThread]:   timeout_seconds: 300
[0m15:53:27.922217 [info ] [MainThread]:   client_id: None
[0m15:53:27.923217 [info ] [MainThread]:   token_uri: None
[0m15:53:27.923217 [info ] [MainThread]:   dataproc_region: None
[0m15:53:27.923217 [info ] [MainThread]:   dataproc_cluster_name: None
[0m15:53:27.924490 [info ] [MainThread]:   gcs_bucket: None
[0m15:53:27.924490 [info ] [MainThread]:   dataproc_batch: None
[0m15:53:27.925490 [info ] [MainThread]: Registered adapter: bigquery=1.9.1
[0m15:53:28.312241 [debug] [MainThread]: Acquiring new bigquery connection 'debug'
[0m15:53:28.312241 [debug] [MainThread]: On debug: select 1 as id
[0m15:53:28.312241 [debug] [MainThread]: Opening a new connection, currently in state init
[0m15:53:28.313241 [debug] [MainThread]: BigQuery adapter: Got an error when attempting to create a bigquery " "client: '[Errno 2] No such file or directory: 'dbt_bigquery/dbtcrash.json''
[0m15:53:28.313241 [debug] [MainThread]: BigQuery adapter: Unhandled error while running:
select 1 as id
[0m15:53:28.313241 [debug] [MainThread]: BigQuery adapter: Database Error
  [Errno 2] No such file or directory: 'dbt_bigquery/dbtcrash.json'
[0m15:53:28.314241 [info ] [MainThread]:   Connection test: [[31mERROR[0m]

[0m15:53:28.314241 [info ] [MainThread]: [31m1 check failed:[0m
[0m15:53:28.315238 [info ] [MainThread]: dbt was unable to connect to the specified database.
The database returned the following error:

  >'NoneType' object has no attribute 'close'

Check your database credentials and try again. For more information, visit:
https://docs.getdbt.com/docs/configure-your-profile


[0m15:53:28.316238 [debug] [MainThread]: Command `dbt debug` failed at 15:53:28.316238 after 1.46 seconds
[0m15:53:28.316238 [debug] [MainThread]: Sending event: {'category': 'dbt', 'action': 'invocation', 'label': 'end', 'context': [<snowplow_tracker.self_describing_json.SelfDescribingJson object at 0x000002E49744A3B0>, <snowplow_tracker.self_describing_json.SelfDescribingJson object at 0x000002E4B9529210>, <snowplow_tracker.self_describing_json.SelfDescribingJson object at 0x000002E4B952A5F0>]}
[0m15:53:28.317237 [debug] [MainThread]: Flushing usage events
[0m15:53:29.532342 [debug] [MainThread]: An error was encountered while trying to flush usage events
[0m15:54:54.687754 [debug] [MainThread]: Sending event: {'category': 'dbt', 'action': 'invocation', 'label': 'start', 'context': [<snowplow_tracker.self_describing_json.SelfDescribingJson object at 0x000001D26C85A3B0>, <snowplow_tracker.self_describing_json.SelfDescribingJson object at 0x000001D26E9521A0>, <snowplow_tracker.self_describing_json.SelfDescribingJson object at 0x000001D26E951FC0>]}


============================== 15:54:54.690847 | 859c99c9-9d12-47bf-8017-6d6b6111c46f ==============================
[0m15:54:54.690847 [info ] [MainThread]: Running with dbt=1.9.4
[0m15:54:54.690847 [debug] [MainThread]: running dbt with arguments {'printer_width': '80', 'indirect_selection': 'eager', 'write_json': 'True', 'log_cache_events': 'False', 'partial_parse': 'True', 'cache_selected_only': 'False', 'profiles_dir': 'C:\\Users\\beock\\.dbt', 'debug': 'False', 'fail_fast': 'False', 'log_path': 'C:\\Users\\beock\\OneDrive\\Skrivebord\\DE_projects\\dbt_bigquery\\logs', 'warn_error': 'None', 'version_check': 'True', 'use_colors': 'True', 'use_experimental_parser': 'False', 'no_print': 'None', 'quiet': 'False', 'empty': 'None', 'warn_error_options': 'WarnErrorOptions(include=[], exclude=[])', 'introspect': 'True', 'log_format': 'default', 'invocation_command': 'dbt debug', 'target_path': 'None', 'static_parser': 'True', 'send_anonymous_usage_stats': 'True'}
[0m15:54:54.707285 [info ] [MainThread]: dbt version: 1.9.4
[0m15:54:54.708288 [info ] [MainThread]: python version: 3.10.0
[0m15:54:54.708288 [info ] [MainThread]: python path: C:\Users\beock\AppData\Local\Programs\Python\Python310\python.exe
[0m15:54:54.709287 [info ] [MainThread]: os info: Windows-10-10.0.26100-SP0
[0m15:54:55.601027 [info ] [MainThread]: Using profiles dir at C:\Users\beock\.dbt
[0m15:54:55.602039 [info ] [MainThread]: Using profiles.yml file at C:\Users\beock\.dbt\profiles.yml
[0m15:54:55.602039 [info ] [MainThread]: Using dbt_project.yml file at C:\Users\beock\OneDrive\Skrivebord\DE_projects\dbt_bigquery\dbt_project.yml
[0m15:54:55.603037 [info ] [MainThread]: adapter type: bigquery
[0m15:54:55.603037 [info ] [MainThread]: adapter version: 1.9.1
[0m15:54:55.686444 [info ] [MainThread]: Configuration:
[0m15:54:55.686444 [info ] [MainThread]:   profiles.yml file [[32mOK found and valid[0m]
[0m15:54:55.687444 [info ] [MainThread]:   dbt_project.yml file [[32mOK found and valid[0m]
[0m15:54:55.687444 [info ] [MainThread]: Required dependencies:
[0m15:54:55.687444 [debug] [MainThread]: Executing "git --help"
[0m15:54:55.704605 [debug] [MainThread]: STDOUT: "b"usage: git [-v | --version] [-h | --help] [-C <path>] [-c <name>=<value>]\n           [--exec-path[=<path>]] [--html-path] [--man-path] [--info-path]\n           [-p | --paginate | -P | --no-pager] [--no-replace-objects] [--bare]\n           [--git-dir=<path>] [--work-tree=<path>] [--namespace=<name>]\n           [--config-env=<name>=<envvar>] <command> [<args>]\n\nThese are common Git commands used in various situations:\n\nstart a working area (see also: git help tutorial)\n   clone     Clone a repository into a new directory\n   init      Create an empty Git repository or reinitialize an existing one\n\nwork on the current change (see also: git help everyday)\n   add       Add file contents to the index\n   mv        Move or rename a file, a directory, or a symlink\n   restore   Restore working tree files\n   rm        Remove files from the working tree and from the index\n\nexamine the history and state (see also: git help revisions)\n   bisect    Use binary search to find the commit that introduced a bug\n   diff      Show changes between commits, commit and working tree, etc\n   grep      Print lines matching a pattern\n   log       Show commit logs\n   show      Show various types of objects\n   status    Show the working tree status\n\ngrow, mark and tweak your common history\n   branch    List, create, or delete branches\n   commit    Record changes to the repository\n   merge     Join two or more development histories together\n   rebase    Reapply commits on top of another base tip\n   reset     Reset current HEAD to the specified state\n   switch    Switch branches\n   tag       Create, list, delete or verify a tag object signed with GPG\n\ncollaborate (see also: git help workflows)\n   fetch     Download objects and refs from another repository\n   pull      Fetch from and integrate with another repository or a local branch\n   push      Update remote refs along with associated objects\n\n'git help -a' and 'git help -g' list available subcommands and some\nconcept guides. See 'git help <command>' or 'git help <concept>'\nto read about a specific subcommand or concept.\nSee 'git help git' for an overview of the system.\n""
[0m15:54:55.705606 [debug] [MainThread]: STDERR: "b''"
[0m15:54:55.705606 [info ] [MainThread]:  - git [[32mOK found[0m]

[0m15:54:55.706606 [info ] [MainThread]: Connection:
[0m15:54:55.706606 [info ] [MainThread]:   method: service-account
[0m15:54:55.707612 [info ] [MainThread]:   database: dbtcrash
[0m15:54:55.707612 [info ] [MainThread]:   execution_project: dbtcrash
[0m15:54:55.708666 [info ] [MainThread]:   schema: dbtcrash
[0m15:54:55.708666 [info ] [MainThread]:   location: EU
[0m15:54:55.709930 [info ] [MainThread]:   priority: interactive
[0m15:54:55.709930 [info ] [MainThread]:   maximum_bytes_billed: None
[0m15:54:55.710931 [info ] [MainThread]:   impersonate_service_account: None
[0m15:54:55.710931 [info ] [MainThread]:   job_retry_deadline_seconds: None
[0m15:54:55.710931 [info ] [MainThread]:   job_retries: 1
[0m15:54:55.712038 [info ] [MainThread]:   job_creation_timeout_seconds: None
[0m15:54:55.712038 [info ] [MainThread]:   job_execution_timeout_seconds: 300
[0m15:54:55.713337 [info ] [MainThread]:   timeout_seconds: 300
[0m15:54:55.713337 [info ] [MainThread]:   client_id: None
[0m15:54:55.713337 [info ] [MainThread]:   token_uri: None
[0m15:54:55.714534 [info ] [MainThread]:   dataproc_region: None
[0m15:54:55.714534 [info ] [MainThread]:   dataproc_cluster_name: None
[0m15:54:55.715562 [info ] [MainThread]:   gcs_bucket: None
[0m15:54:55.715562 [info ] [MainThread]:   dataproc_batch: None
[0m15:54:55.716607 [info ] [MainThread]: Registered adapter: bigquery=1.9.1
[0m15:54:56.100467 [debug] [MainThread]: Acquiring new bigquery connection 'debug'
[0m15:54:56.100467 [debug] [MainThread]: On debug: select 1 as id
[0m15:54:56.101468 [debug] [MainThread]: Opening a new connection, currently in state init
[0m15:54:56.101468 [debug] [MainThread]: BigQuery adapter: Got an error when attempting to create a bigquery " "client: '[Errno 2] No such file or directory: 'dbt_bigquery/dbtcrash.json''
[0m15:54:56.102468 [debug] [MainThread]: BigQuery adapter: Unhandled error while running:
select 1 as id
[0m15:54:56.102468 [debug] [MainThread]: BigQuery adapter: Database Error
  [Errno 2] No such file or directory: 'dbt_bigquery/dbtcrash.json'
[0m15:54:56.102468 [info ] [MainThread]:   Connection test: [[31mERROR[0m]

[0m15:54:56.103467 [info ] [MainThread]: [31m1 check failed:[0m
[0m15:54:56.103467 [info ] [MainThread]: dbt was unable to connect to the specified database.
The database returned the following error:

  >'NoneType' object has no attribute 'close'

Check your database credentials and try again. For more information, visit:
https://docs.getdbt.com/docs/configure-your-profile


[0m15:54:56.104468 [debug] [MainThread]: Command `dbt debug` failed at 15:54:56.104468 after 1.48 seconds
[0m15:54:56.105469 [debug] [MainThread]: Sending event: {'category': 'dbt', 'action': 'invocation', 'label': 'end', 'context': [<snowplow_tracker.self_describing_json.SelfDescribingJson object at 0x000001D26C85A3B0>, <snowplow_tracker.self_describing_json.SelfDescribingJson object at 0x000001D21063BAF0>, <snowplow_tracker.self_describing_json.SelfDescribingJson object at 0x000001D21063ADD0>]}
[0m15:54:56.105469 [debug] [MainThread]: Flushing usage events
[0m15:54:57.288244 [debug] [MainThread]: An error was encountered while trying to flush usage events
